This is pdfTeX, Version 3.14159265-2.6-1.40.19 (MiKTeX 2.9.6930 64-bit) (preloaded format=pdflatex 2019.2.16)  18 FEB 2019 00:50
entering extended mode
**"./COMPUTER VISION REPORT.tex"
("COMPUTER VISION REPORT.tex"
LaTeX2e <2018-12-01>
(IEEEphot.cls
Document Class: IEEEphot 2009/06/23 V1.2
-- See the "IEEEphot_HOWTO" manual for usage information.
\@IEEEtrantmpdimenA=\dimen102
\@IEEEtrantmpdimenB=\dimen103
\@IEEEtrantmpcountA=\count80
\@IEEEtrantmpcountB=\count81
\@IEEEtrantmptoksA=\toks14
LaTeX Font Info:    Try loading font information for OT1+phv on input line 384.

("C:\Users\Rahat\AppData\Local\Programs\MiKTeX 2.9\tex/latex/psnfss\ot1phv.fd"
File: ot1phv.fd 2001/06/04 scalable font definitions for OT1/phv.
)
-- Using 8.25in x 10.75in (IEEE Photonics PaperSize) paper.
-- Using PDF output.
\@IEEEnormalsizeunitybaselineskip=\dimen104
-- This is a 10 point document.
\CLASSINFOnormalsizebaselineskip=\dimen105
\CLASSINFOnormalsizeunitybaselineskip=\dimen106
\IEEEnormaljot=\dimen107
LaTeX Font Info:    Font shape `OT1/phv/bx/n' in size <5> not available
(Font)              Font shape `OT1/phv/b/n' tried instead on input line 742.
LaTeX Font Info:    Font shape `OT1/phv/m/it' in size <5> not available
(Font)              Font shape `OT1/phv/m/sl' tried instead on input line 742.
LaTeX Font Info:    Font shape `OT1/phv/bx/it' in size <5> not available
(Font)              Font shape `OT1/phv/b/it' tried instead on input line 742.
LaTeX Font Info:    Font shape `OT1/phv/b/it' in size <5> not available
(Font)              Font shape `OT1/phv/b/sl' tried instead on input line 742.
LaTeX Font Info:    Font shape `OT1/phv/bx/n' in size <7> not available
(Font)              Font shape `OT1/phv/b/n' tried instead on input line 742.
LaTeX Font Info:    Font shape `OT1/phv/m/it' in size <7> not available
(Font)              Font shape `OT1/phv/m/sl' tried instead on input line 742.
LaTeX Font Info:    Font shape `OT1/phv/bx/it' in size <7> not available
(Font)              Font shape `OT1/phv/b/it' tried instead on input line 742.
LaTeX Font Info:    Font shape `OT1/phv/b/it' in size <7> not available
(Font)              Font shape `OT1/phv/b/sl' tried instead on input line 742.
LaTeX Font Info:    Font shape `OT1/phv/bx/n' in size <8> not available
(Font)              Font shape `OT1/phv/b/n' tried instead on input line 742.
LaTeX Font Info:    Font shape `OT1/phv/m/it' in size <8> not available
(Font)              Font shape `OT1/phv/m/sl' tried instead on input line 742.
LaTeX Font Info:    Font shape `OT1/phv/bx/it' in size <8> not available
(Font)              Font shape `OT1/phv/b/it' tried instead on input line 742.
LaTeX Font Info:    Font shape `OT1/phv/b/it' in size <8> not available
(Font)              Font shape `OT1/phv/b/sl' tried instead on input line 742.
LaTeX Font Info:    Font shape `OT1/phv/bx/n' in size <9> not available
(Font)              Font shape `OT1/phv/b/n' tried instead on input line 742.
LaTeX Font Info:    Font shape `OT1/phv/m/it' in size <9> not available
(Font)              Font shape `OT1/phv/m/sl' tried instead on input line 742.
LaTeX Font Info:    Font shape `OT1/phv/bx/it' in size <9> not available
(Font)              Font shape `OT1/phv/b/it' tried instead on input line 742.
LaTeX Font Info:    Font shape `OT1/phv/b/it' in size <9> not available
(Font)              Font shape `OT1/phv/b/sl' tried instead on input line 742.
LaTeX Font Info:    Font shape `OT1/phv/bx/n' in size <10> not available
(Font)              Font shape `OT1/phv/b/n' tried instead on input line 742.
LaTeX Font Info:    Font shape `OT1/phv/m/it' in size <10> not available
(Font)              Font shape `OT1/phv/m/sl' tried instead on input line 742.
LaTeX Font Info:    Font shape `OT1/phv/bx/it' in size <10> not available
(Font)              Font shape `OT1/phv/b/it' tried instead on input line 742.
LaTeX Font Info:    Font shape `OT1/phv/b/it' in size <10> not available
(Font)              Font shape `OT1/phv/b/sl' tried instead on input line 742.
LaTeX Font Info:    Font shape `OT1/phv/bx/n' in size <12> not available
(Font)              Font shape `OT1/phv/b/n' tried instead on input line 742.
LaTeX Font Info:    Font shape `OT1/phv/m/it' in size <12> not available
(Font)              Font shape `OT1/phv/m/sl' tried instead on input line 742.
LaTeX Font Info:    Font shape `OT1/phv/bx/it' in size <12> not available
(Font)              Font shape `OT1/phv/b/it' tried instead on input line 742.
LaTeX Font Info:    Font shape `OT1/phv/b/it' in size <12> not available
(Font)              Font shape `OT1/phv/b/sl' tried instead on input line 742.
LaTeX Font Info:    Font shape `OT1/phv/bx/n' in size <17> not available
(Font)              Font shape `OT1/phv/b/n' tried instead on input line 742.
LaTeX Font Info:    Font shape `OT1/phv/m/it' in size <17> not available
(Font)              Font shape `OT1/phv/m/sl' tried instead on input line 742.
LaTeX Font Info:    Font shape `OT1/phv/bx/it' in size <17> not available
(Font)              Font shape `OT1/phv/b/it' tried instead on input line 742.
LaTeX Font Info:    Font shape `OT1/phv/b/it' in size <17> not available
(Font)              Font shape `OT1/phv/b/sl' tried instead on input line 742.
LaTeX Font Info:    Font shape `OT1/phv/bx/n' in size <20> not available
(Font)              Font shape `OT1/phv/b/n' tried instead on input line 742.
LaTeX Font Info:    Font shape `OT1/phv/m/it' in size <20> not available
(Font)              Font shape `OT1/phv/m/sl' tried instead on input line 742.
LaTeX Font Info:    Font shape `OT1/phv/bx/it' in size <20> not available
(Font)              Font shape `OT1/phv/b/it' tried instead on input line 742.
LaTeX Font Info:    Font shape `OT1/phv/b/it' in size <20> not available
(Font)              Font shape `OT1/phv/b/sl' tried instead on input line 742.
LaTeX Font Info:    Font shape `OT1/phv/bx/n' in size <18> not available
(Font)              Font shape `OT1/phv/b/n' tried instead on input line 742.
LaTeX Font Info:    Font shape `OT1/phv/m/it' in size <18> not available
(Font)              Font shape `OT1/phv/m/sl' tried instead on input line 742.
LaTeX Font Info:    Font shape `OT1/phv/bx/it' in size <18> not available
(Font)              Font shape `OT1/phv/b/it' tried instead on input line 742.
LaTeX Font Info:    Font shape `OT1/phv/b/it' in size <18> not available
(Font)              Font shape `OT1/phv/b/sl' tried instead on input line 742.
\IEEEilabelindentA=\dimen108
\IEEEilabelindentB=\dimen109
\IEEEilabelindent=\dimen110
\IEEEelabelindent=\dimen111
\IEEEdlabelindent=\dimen112
\IEEElabelindent=\dimen113
\IEEEiednormlabelsep=\dimen114
\IEEEiedmathlabelsep=\dimen115
\IEEEiedtopsep=\skip41
\c@section=\count82
\c@subsection=\count83
\c@subsubsection=\count84
\c@paragraph=\count85
\c@IEEEsubequation=\count86
\abovecaptionskip=\skip42
\belowcaptionskip=\skip43
\c@figure=\count87
\c@table=\count88
\@IEEEeqnnumcols=\count89
\@IEEEeqncolcnt=\count90
\@IEEEtmpitemindent=\dimen116
\c@IEEEbiography=\count91
\@IEEEtranrubishbin=\box27
\footheight=\dimen117

("C:\Users\Rahat\AppData\Local\Programs\MiKTeX 2.9\tex/latex/graphics\graphicx.
sty"
Package: graphicx 2017/06/01 v1.1a Enhanced LaTeX Graphics (DPC,SPQR)

("C:\Users\Rahat\AppData\Local\Programs\MiKTeX 2.9\tex/latex/graphics\keyval.st
y"
Package: keyval 2014/10/28 v1.15 key=value parser (DPC)
\KV@toks@=\toks15
)
("C:\Users\Rahat\AppData\Local\Programs\MiKTeX 2.9\tex/latex/graphics\graphics.
sty"
Package: graphics 2017/06/25 v1.2c Standard LaTeX Graphics (DPC,SPQR)

("C:\Users\Rahat\AppData\Local\Programs\MiKTeX 2.9\tex/latex/graphics\trig.sty"
Package: trig 2016/01/03 v1.10 sin cos tan (DPC)
)
("C:\Users\Rahat\AppData\Local\Programs\MiKTeX 2.9\tex/latex/graphics-cfg\graph
ics.cfg"
File: graphics.cfg 2016/06/04 v1.11 sample graphics configuration
)
Package graphics Info: Driver file: pdftex.def on input line 99.

("C:\Users\Rahat\AppData\Local\Programs\MiKTeX 2.9\tex/latex/graphics-def\pdfte
x.def"
File: pdftex.def 2018/01/08 v1.0l Graphics/color driver for pdftex
))
\Gin@req@height=\dimen118
\Gin@req@width=\dimen119
))
\c@theorem=\count92
\c@lemma=\count93
 ("COMPUTER VISION REPORT.aux")
\openout1 = `"COMPUTER VISION REPORT.aux"'.

LaTeX Font Info:    Checking defaults for OML/cmm/m/it on input line 11.
LaTeX Font Info:    ... okay on input line 11.
LaTeX Font Info:    Checking defaults for T1/cmr/m/n on input line 11.
LaTeX Font Info:    ... okay on input line 11.
LaTeX Font Info:    Checking defaults for OT1/cmr/m/n on input line 11.
LaTeX Font Info:    ... okay on input line 11.
LaTeX Font Info:    Checking defaults for OMS/cmsy/m/n on input line 11.
LaTeX Font Info:    ... okay on input line 11.
LaTeX Font Info:    Checking defaults for OMX/cmex/m/n on input line 11.
LaTeX Font Info:    ... okay on input line 11.
LaTeX Font Info:    Checking defaults for U/cmr/m/n on input line 11.
LaTeX Font Info:    ... okay on input line 11.

("C:\Users\Rahat\AppData\Local\Programs\MiKTeX 2.9\tex/context/base\supp-pdf.mk
ii"
[Loading MPS to PDF converter (version 2006.09.02).]
\scratchcounter=\count94
\scratchdimen=\dimen120
\scratchbox=\box28
\nofMPsegments=\count95
\nofMParguments=\count96
\everyMPshowfont=\toks16
\MPscratchCnt=\count97
\MPscratchDim=\dimen121
\MPnumerator=\count98
\makeMPintoPDFobject=\count99
\everyMPtoPDFconversion=\toks17
)
("C:\Users\Rahat\AppData\Local\Programs\MiKTeX 2.9\tex/latex/oberdiek\epstopdf-
base.sty"
Package: epstopdf-base 2016/05/15 v2.6 Base part for package epstopdf

("C:\Users\Rahat\AppData\Local\Programs\MiKTeX 2.9\tex/generic/oberdiek\infware
rr.sty"
Package: infwarerr 2016/05/16 v1.4 Providing info/warning/error messages (HO)
)
("C:\Users\Rahat\AppData\Local\Programs\MiKTeX 2.9\tex/latex/oberdiek\grfext.st
y"
Package: grfext 2016/05/16 v1.2 Manage graphics extensions (HO)

("C:\Users\Rahat\AppData\Local\Programs\MiKTeX 2.9\tex/generic/oberdiek\kvdefin
ekeys.sty"
Package: kvdefinekeys 2016/05/16 v1.4 Define keys (HO)

("C:\Users\Rahat\AppData\Local\Programs\MiKTeX 2.9\tex/generic/oberdiek\ltxcmds
.sty"
Package: ltxcmds 2016/05/16 v1.23 LaTeX kernel commands for general use (HO)
)))
("C:\Users\Rahat\AppData\Local\Programs\MiKTeX 2.9\tex/latex/oberdiek\kvoptions
.sty"
Package: kvoptions 2016/05/16 v3.12 Key value format for package options (HO)

("C:\Users\Rahat\AppData\Local\Programs\MiKTeX 2.9\tex/generic/oberdiek\kvsetke
ys.sty"
Package: kvsetkeys 2016/05/16 v1.17 Key value parser (HO)

("C:\Users\Rahat\AppData\Local\Programs\MiKTeX 2.9\tex/generic/oberdiek\etexcmd
s.sty"
Package: etexcmds 2016/05/16 v1.6 Avoid name clashes with e-TeX commands (HO)

("C:\Users\Rahat\AppData\Local\Programs\MiKTeX 2.9\tex/generic/oberdiek\ifluate
x.sty"
Package: ifluatex 2016/05/16 v1.4 Provides the ifluatex switch (HO)
Package ifluatex Info: LuaTeX not detected.
))))
("C:\Users\Rahat\AppData\Local\Programs\MiKTeX 2.9\tex/generic/oberdiek\pdftexc
mds.sty"
Package: pdftexcmds 2018/09/10 v0.29 Utility functions of pdfTeX for LuaTeX (HO
)

("C:\Users\Rahat\AppData\Local\Programs\MiKTeX 2.9\tex/generic/oberdiek\ifpdf.s
ty"
Package: ifpdf 2018/09/07 v3.3 Provides the ifpdf switch
)
Package pdftexcmds Info: LuaTeX not detected.
Package pdftexcmds Info: \pdf@primitive is available.
Package pdftexcmds Info: \pdf@ifprimitive is available.
Package pdftexcmds Info: \pdfdraftmode found.
)
Package epstopdf-base Info: Redefining graphics rule for `.eps' on input line 4
38.
Package grfext Info: Graphics extension search list:
(grfext)             [.pdf,.png,.jpg,.mps,.jpeg,.jbig2,.jb2,.PDF,.PNG,.JPG,.JPE
G,.JBIG2,.JB2,.eps]
(grfext)             \AppendGraphicsExtensions on input line 456.
)
Overfull \hbox (12.0pt too wide) in paragraph at lines 28--28
[][]  
 []


Overfull \vbox (7.25pt too high) has occurred while \output is active []

 [1
Non-PDF special ignored!
<special> color push cmyk 0.35 0.09 0 0
Non-PDF special ignored!
<special> color pop
Non-PDF special ignored!
<special> color push cmyk 1.0 0.93 0.12 0.15
Non-PDF special ignored!
<special> color pop
Non-PDF special ignored!
<special> color push cmyk 1.0 0.93 0.12 0.15
Non-PDF special ignored!
<special> color pop
Non-PDF special ignored!
<special> color push cmyk 0.90 0.61 0 0
{C:/Users/Rahat/AppData/Local/MiKTeX/2.9/pdftex/config/pdftex.map}
Non-PDF special ignored!
<special> color pop
Non-PDF special ignored!
<special> color push cmyk 0.90 0.61 0 0
Non-PDF special ignored!
<special> color pop
Non-PDF special ignored!
<special> color push cmyk 0.90 0.61 0 0
Non-PDF special ignored!
<special> color pop
Non-PDF special ignored!
<special> color push cmyk 0.90 0.61 0 0
Non-PDF special ignored!
<special> color pop
Non-PDF special ignored!
<special> color push cmyk 0.90 0.61 0 0
Non-PDF special ignored!
<special> color pop
Non-PDF special ignored!
<special> color push cmyk 0.90 0.61 0 0
Non-PDF special ignored!
<special> color pop
Non-PDF special ignored!
<special> color push cmyk 0.90 0.61 0 0
Non-PDF special ignored!
<special> color pop
Non-PDF special ignored!
<special> color push cmyk 1.0 0.93 0.12 0.15
Non-PDF special ignored!
<special> color pop
Non-PDF special ignored!
<special> color push cmyk 0.35 0.09 0 0
Non-PDF special ignored!
<special> color pop
Non-PDF special ignored!
<special> color push cmyk 1.0 0.93 0.12 0.15
Non-PDF special ignored!
<special> color pop
]
Overfull \vbox (7.25pt too high) has occurred while \output is active []

 [2
Non-PDF special ignored!
<special> color push cmyk 0.35 0.09 0 0
Non-PDF special ignored!
<special> color pop
Non-PDF special ignored!
<special> color push cmyk 1.0 0.93 0.12 0.15
Non-PDF special ignored!
<special> color pop
Non-PDF special ignored!
<special> color push cmyk 1.0 0.93 0.12 0.15
Non-PDF special ignored!
<special> color pop
Non-PDF special ignored!
<special> color push cmyk 0.90 0.61 0 0
Non-PDF special ignored!
<special> color pop
Non-PDF special ignored!
<special> color push cmyk 0.90 0.61 0 0
Non-PDF special ignored!
<special> color pop
Non-PDF special ignored!
<special> color push cmyk 0.90 0.61 0 0
Non-PDF special ignored!
<special> color pop
Non-PDF special ignored!
<special> color push cmyk 0.90 0.61 0 0
Non-PDF special ignored!
<special> color pop
Non-PDF special ignored!
<special> color push cmyk 1.0 0.93 0.12 0.15
Non-PDF special ignored!
<special> color pop
Non-PDF special ignored!
<special> color push cmyk 0.35 0.09 0 0
Non-PDF special ignored!
<special> color pop
Non-PDF special ignored!
<special> color push cmyk 1.0 0.93 0.12 0.15
Non-PDF special ignored!
<special> color pop
]
Overfull \vbox (7.25pt too high) has occurred while \output is active []

 [3
Non-PDF special ignored!
<special> color push cmyk 0.35 0.09 0 0
Non-PDF special ignored!
<special> color pop
Non-PDF special ignored!
<special> color push cmyk 1.0 0.93 0.12 0.15
Non-PDF special ignored!
<special> color pop
Non-PDF special ignored!
<special> color push cmyk 1.0 0.93 0.12 0.15
Non-PDF special ignored!
<special> color pop
Non-PDF special ignored!
<special> color push cmyk 0.90 0.61 0 0
Non-PDF special ignored!
<special> color pop
Non-PDF special ignored!
<special> color push cmyk 0.90 0.61 0 0
Non-PDF special ignored!
<special> color pop
Non-PDF special ignored!
<special> color push cmyk 0.90 0.61 0 0
Non-PDF special ignored!
<special> color pop
Non-PDF special ignored!
<special> color push cmyk 0.90 0.61 0 0
Non-PDF special ignored!
<special> color pop
Non-PDF special ignored!
<special> color push cmyk 0.90 0.61 0 0
Non-PDF special ignored!
<special> color pop
Non-PDF special ignored!
<special> color push cmyk 0.90 0.61 0 0
Non-PDF special ignored!
<special> color pop
Non-PDF special ignored!
<special> color push cmyk 1.0 0.93 0.12 0.15
Non-PDF special ignored!
<special> color pop
Non-PDF special ignored!
<special> color push cmyk 0.35 0.09 0 0
Non-PDF special ignored!
<special> color pop
Non-PDF special ignored!
<special> color push cmyk 1.0 0.93 0.12 0.15
Non-PDF special ignored!
<special> color pop
] ("COMPUTER VISION REPORT.aux") ) 
Here is how much of TeX's memory you used:
 2147 strings out of 492946
 35368 string characters out of 3126266
 100611 words of memory out of 3000000
 6057 multiletter control sequences out of 15000+200000
 32695 words of font info for 57 fonts, out of 3000000 for 9000
 1141 hyphenation exceptions out of 8191
 41i,8n,25p,748b,193s stack positions out of 5000i,500n,10000p,200000b,50000s
{C:/Users/Rahat/AppData/Local/Programs/MiKTeX
 2.9/fonts/enc/dvips/base/8r.enc}<C:/Users/Rahat/AppData/Local/Programs/MiKTeX 
2.9/fonts/type1/urw/helvetic/uhvb8a.pfb><C:/Users/Rahat/AppData/Local/Programs/
MiKTeX 2.9/fonts/type1/urw/helvetic/uhvbo8a.pfb><C:/Users/Rahat/AppData/Local/P
rograms/MiKTeX 2.9/fonts/type1/urw/helvetic/uhvr8a.pfb>
Output written on "COMPUTER VISION REPORT.pdf" (3 pages, 38454 bytes).
PDF statistics:
 25 PDF objects out of 1000 (max. 8388607)
 0 named destinations out of 1000 (max. 500000)
 1 words of extra memory for PDF output out of 10000 (max. 10000000)

